2021-01-08T19:36:23+00:00 DEBUG (7): Exception message: Warning: A non-numeric value encountered  in /var/www/html/mage1944/app/code/core/Mage/Catalog/Model/Url.php on line 679
Trace: #0 /var/www/html/mage1944/app/code/core/Mage/Catalog/Model/Url.php(679): mageCoreErrorHandler(2, 'A non-numeric v...', '/var/www/html/m...', 679, Array)
#1 /var/www/html/mage1944/app/code/core/Mage/Catalog/Model/Url.php(753): Mage_Catalog_Model_Url->getUnusedPathByUrlKey('1', 'baby-girl/short...', 'category/14', 'shorts')
#2 /var/www/html/mage1944/app/code/core/Mage/Catalog/Model/Url.php(281): Mage_Catalog_Model_Url->getCategoryRequestPath(Object(Varien_Object), 'baby-girl/')
#3 /var/www/html/mage1944/app/code/core/Mage/Catalog/Model/Url.php(320): Mage_Catalog_Model_Url->_refreshCategoryRewrites(Object(Varien_Object), 'baby-girl.html/', false)
#4 /var/www/html/mage1944/app/code/core/Mage/Catalog/Model/Url.php(320): Mage_Catalog_Model_Url->_refreshCategoryRewrites(Object(Varien_Object), '/', false)
#5 /var/www/html/mage1944/app/code/core/Mage/Catalog/Model/Url.php(461): Mage_Catalog_Model_Url->_refreshCategoryRewrites(Object(Varien_Object), NULL, false)
#6 /var/www/html/mage1944/app/code/core/Mage/Catalog/Model/Url.php(254): Mage_Catalog_Model_Url->refreshCategoryRewrite('2', '1', false)
#7 /var/www/html/mage1944/app/code/core/Mage/Catalog/Model/Url.php(248): Mage_Catalog_Model_Url->refreshRewrites('1')
#8 /var/www/html/mage1944/app/code/core/Mage/Catalog/Model/Indexer/Url.php(257): Mage_Catalog_Model_Url->refreshRewrites()
#9 /var/www/html/mage1944/app/code/core/Mage/Index/Model/Process.php(212): Mage_Catalog_Model_Indexer_Url->reindexAll()
#10 /var/www/html/mage1944/app/code/core/Mage/Index/Model/Process.php(260): Mage_Index_Model_Process->reindexAll()
#11 /var/www/html/mage1944/app/code/core/Mage/Index/controllers/Adminhtml/ProcessController.php(182): Mage_Index_Model_Process->reindexEverything()
#12 /var/www/html/mage1944/app/code/core/Mage/Core/Controller/Varien/Action.php(418): Mage_Index_Adminhtml_ProcessController->massReindexAction()
#13 /var/www/html/mage1944/app/code/core/Mage/Core/Controller/Varien/Router/Standard.php(254): Mage_Core_Controller_Varien_Action->dispatch('massReindex')
#14 /var/www/html/mage1944/app/code/core/Mage/Core/Controller/Varien/Front.php(172): Mage_Core_Controller_Varien_Router_Standard->match(Object(Mage_Core_Controller_Request_Http))
#15 /var/www/html/mage1944/app/code/core/Mage/Core/Model/App.php(381): Mage_Core_Controller_Varien_Front->dispatch()
#16 /var/www/html/mage1944/app/Mage.php(686): Mage_Core_Model_App->run(Array)
#17 /var/www/html/mage1944/index.php(83): Mage::run('', 'store')
#18 {main}
2021-01-08T19:36:30+00:00 DEBUG (7): Exception message: Warning: A non-numeric value encountered  in /var/www/html/mage1944/app/code/core/Mage/Catalog/Model/Url.php on line 679
Trace: #0 /var/www/html/mage1944/app/code/core/Mage/Catalog/Model/Url.php(679): mageCoreErrorHandler(2, 'A non-numeric v...', '/var/www/html/m...', 679, Array)
#1 /var/www/html/mage1944/app/code/core/Mage/Catalog/Model/Url.php(753): Mage_Catalog_Model_Url->getUnusedPathByUrlKey('1', 'baby-girl/short...', 'category/14', 'shorts')
#2 /var/www/html/mage1944/app/code/core/Mage/Catalog/Model/Url.php(281): Mage_Catalog_Model_Url->getCategoryRequestPath(Object(Varien_Object), 'baby-girl/')
#3 /var/www/html/mage1944/app/code/core/Mage/Catalog/Model/Url.php(320): Mage_Catalog_Model_Url->_refreshCategoryRewrites(Object(Varien_Object), 'baby-girl.html/', false)
#4 /var/www/html/mage1944/app/code/core/Mage/Catalog/Model/Url.php(320): Mage_Catalog_Model_Url->_refreshCategoryRewrites(Object(Varien_Object), '/', false)
#5 /var/www/html/mage1944/app/code/core/Mage/Catalog/Model/Url.php(461): Mage_Catalog_Model_Url->_refreshCategoryRewrites(Object(Varien_Object), NULL, false)
#6 /var/www/html/mage1944/app/code/core/Mage/Catalog/Model/Url.php(254): Mage_Catalog_Model_Url->refreshCategoryRewrite('2', '1', false)
#7 /var/www/html/mage1944/app/code/core/Mage/Catalog/Model/Url.php(248): Mage_Catalog_Model_Url->refreshRewrites('1')
#8 /var/www/html/mage1944/app/code/core/Mage/Catalog/Model/Indexer/Url.php(257): Mage_Catalog_Model_Url->refreshRewrites()
#9 /var/www/html/mage1944/app/code/core/Mage/Index/Model/Process.php(212): Mage_Catalog_Model_Indexer_Url->reindexAll()
#10 /var/www/html/mage1944/app/code/core/Mage/Index/Model/Process.php(260): Mage_Index_Model_Process->reindexAll()
#11 /var/www/html/mage1944/app/code/core/Mage/Index/controllers/Adminhtml/ProcessController.php(182): Mage_Index_Model_Process->reindexEverything()
#12 /var/www/html/mage1944/app/code/core/Mage/Core/Controller/Varien/Action.php(418): Mage_Index_Adminhtml_ProcessController->massReindexAction()
#13 /var/www/html/mage1944/app/code/core/Mage/Core/Controller/Varien/Router/Standard.php(254): Mage_Core_Controller_Varien_Action->dispatch('massReindex')
#14 /var/www/html/mage1944/app/code/core/Mage/Core/Controller/Varien/Front.php(172): Mage_Core_Controller_Varien_Router_Standard->match(Object(Mage_Core_Controller_Request_Http))
#15 /var/www/html/mage1944/app/code/core/Mage/Core/Model/App.php(381): Mage_Core_Controller_Varien_Front->dispatch()
#16 /var/www/html/mage1944/app/Mage.php(686): Mage_Core_Model_App->run(Array)
#17 /var/www/html/mage1944/index.php(83): Mage::run('', 'store')
#18 {main}
2021-01-08T19:36:35+00:00 DEBUG (7): Exception message: Warning: A non-numeric value encountered  in /var/www/html/mage1944/app/code/core/Mage/Catalog/Model/Url.php on line 679
Trace: #0 /var/www/html/mage1944/app/code/core/Mage/Catalog/Model/Url.php(679): mageCoreErrorHandler(2, 'A non-numeric v...', '/var/www/html/m...', 679, Array)
#1 /var/www/html/mage1944/app/code/core/Mage/Catalog/Model/Url.php(753): Mage_Catalog_Model_Url->getUnusedPathByUrlKey('1', 'baby-girl/short...', 'category/14', 'shorts')
#2 /var/www/html/mage1944/app/code/core/Mage/Catalog/Model/Url.php(281): Mage_Catalog_Model_Url->getCategoryRequestPath(Object(Varien_Object), 'baby-girl/')
#3 /var/www/html/mage1944/app/code/core/Mage/Catalog/Model/Url.php(320): Mage_Catalog_Model_Url->_refreshCategoryRewrites(Object(Varien_Object), 'baby-girl.html/', false)
#4 /var/www/html/mage1944/app/code/core/Mage/Catalog/Model/Url.php(320): Mage_Catalog_Model_Url->_refreshCategoryRewrites(Object(Varien_Object), '/', false)
#5 /var/www/html/mage1944/app/code/core/Mage/Catalog/Model/Url.php(461): Mage_Catalog_Model_Url->_refreshCategoryRewrites(Object(Varien_Object), NULL, false)
#6 /var/www/html/mage1944/app/code/core/Mage/Catalog/Model/Url.php(254): Mage_Catalog_Model_Url->refreshCategoryRewrite('2', '1', false)
#7 /var/www/html/mage1944/app/code/core/Mage/Catalog/Model/Url.php(248): Mage_Catalog_Model_Url->refreshRewrites('1')
#8 /var/www/html/mage1944/app/code/core/Mage/Catalog/Model/Indexer/Url.php(257): Mage_Catalog_Model_Url->refreshRewrites()
#9 /var/www/html/mage1944/app/code/core/Mage/Index/Model/Process.php(212): Mage_Catalog_Model_Indexer_Url->reindexAll()
#10 /var/www/html/mage1944/app/code/core/Mage/Index/Model/Process.php(260): Mage_Index_Model_Process->reindexAll()
#11 /var/www/html/mage1944/app/code/core/Mage/Index/controllers/Adminhtml/ProcessController.php(182): Mage_Index_Model_Process->reindexEverything()
#12 /var/www/html/mage1944/app/code/core/Mage/Core/Controller/Varien/Action.php(418): Mage_Index_Adminhtml_ProcessController->massReindexAction()
#13 /var/www/html/mage1944/app/code/core/Mage/Core/Controller/Varien/Router/Standard.php(254): Mage_Core_Controller_Varien_Action->dispatch('massReindex')
#14 /var/www/html/mage1944/app/code/core/Mage/Core/Controller/Varien/Front.php(172): Mage_Core_Controller_Varien_Router_Standard->match(Object(Mage_Core_Controller_Request_Http))
#15 /var/www/html/mage1944/app/code/core/Mage/Core/Model/App.php(381): Mage_Core_Controller_Varien_Front->dispatch()
#16 /var/www/html/mage1944/app/Mage.php(686): Mage_Core_Model_App->run(Array)
#17 /var/www/html/mage1944/index.php(83): Mage::run('', 'store')
#18 {main}
2021-01-08T19:36:54+00:00 DEBUG (7): Exception message: Warning: A non-numeric value encountered  in /var/www/html/mage1944/app/code/core/Mage/Catalog/Model/Url.php on line 679
Trace: #0 /var/www/html/mage1944/app/code/core/Mage/Catalog/Model/Url.php(679): mageCoreErrorHandler(2, 'A non-numeric v...', '/var/www/html/m...', 679, Array)
#1 /var/www/html/mage1944/app/code/core/Mage/Catalog/Model/Url.php(753): Mage_Catalog_Model_Url->getUnusedPathByUrlKey('1', 'baby-girl/short...', 'category/14', 'shorts')
#2 /var/www/html/mage1944/app/code/core/Mage/Catalog/Model/Url.php(281): Mage_Catalog_Model_Url->getCategoryRequestPath(Object(Varien_Object), 'baby-girl/')
#3 /var/www/html/mage1944/app/code/core/Mage/Catalog/Model/Url.php(320): Mage_Catalog_Model_Url->_refreshCategoryRewrites(Object(Varien_Object), 'baby-girl.html/', false)
#4 /var/www/html/mage1944/app/code/core/Mage/Catalog/Model/Url.php(320): Mage_Catalog_Model_Url->_refreshCategoryRewrites(Object(Varien_Object), '/', false)
#5 /var/www/html/mage1944/app/code/core/Mage/Catalog/Model/Url.php(461): Mage_Catalog_Model_Url->_refreshCategoryRewrites(Object(Varien_Object), NULL, false)
#6 /var/www/html/mage1944/app/code/core/Mage/Catalog/Model/Url.php(254): Mage_Catalog_Model_Url->refreshCategoryRewrite('2', '1', false)
#7 /var/www/html/mage1944/app/code/core/Mage/Catalog/Model/Url.php(248): Mage_Catalog_Model_Url->refreshRewrites('1')
#8 /var/www/html/mage1944/app/code/core/Mage/Catalog/Model/Indexer/Url.php(257): Mage_Catalog_Model_Url->refreshRewrites()
#9 /var/www/html/mage1944/app/code/core/Mage/Index/Model/Process.php(212): Mage_Catalog_Model_Indexer_Url->reindexAll()
#10 /var/www/html/mage1944/app/code/core/Mage/Index/Model/Process.php(260): Mage_Index_Model_Process->reindexAll()
#11 /var/www/html/mage1944/app/code/core/Mage/Index/controllers/Adminhtml/ProcessController.php(127): Mage_Index_Model_Process->reindexEverything()
#12 /var/www/html/mage1944/app/code/core/Mage/Core/Controller/Varien/Action.php(418): Mage_Index_Adminhtml_ProcessController->reindexProcessAction()
#13 /var/www/html/mage1944/app/code/core/Mage/Core/Controller/Varien/Router/Standard.php(254): Mage_Core_Controller_Varien_Action->dispatch('reindexProcess')
#14 /var/www/html/mage1944/app/code/core/Mage/Core/Controller/Varien/Front.php(172): Mage_Core_Controller_Varien_Router_Standard->match(Object(Mage_Core_Controller_Request_Http))
#15 /var/www/html/mage1944/app/code/core/Mage/Core/Model/App.php(381): Mage_Core_Controller_Varien_Front->dispatch()
#16 /var/www/html/mage1944/app/Mage.php(686): Mage_Core_Model_App->run(Array)
#17 /var/www/html/mage1944/index.php(83): Mage::run('', 'store')
#18 {main}
2021-01-08T19:40:10+00:00 DEBUG (7): Exception message: Warning: A non-numeric value encountered  in /var/www/html/mage1944/app/code/core/Mage/Catalog/Model/Url.php on line 679
Trace: #0 /var/www/html/mage1944/app/code/core/Mage/Catalog/Model/Url.php(679): mageCoreErrorHandler(2, 'A non-numeric v...', '/var/www/html/m...', 679, Array)
#1 /var/www/html/mage1944/app/code/core/Mage/Catalog/Model/Url.php(753): Mage_Catalog_Model_Url->getUnusedPathByUrlKey('1', 'baby-girl/short...', 'category/14', 'shorts')
#2 /var/www/html/mage1944/app/code/core/Mage/Catalog/Model/Url.php(281): Mage_Catalog_Model_Url->getCategoryRequestPath(Object(Varien_Object), 'baby-girl/')
#3 /var/www/html/mage1944/app/code/core/Mage/Catalog/Model/Url.php(320): Mage_Catalog_Model_Url->_refreshCategoryRewrites(Object(Varien_Object), 'baby-girl.html/', false)
#4 /var/www/html/mage1944/app/code/core/Mage/Catalog/Model/Url.php(320): Mage_Catalog_Model_Url->_refreshCategoryRewrites(Object(Varien_Object), '/', false)
#5 /var/www/html/mage1944/app/code/core/Mage/Catalog/Model/Url.php(461): Mage_Catalog_Model_Url->_refreshCategoryRewrites(Object(Varien_Object), NULL, false)
#6 /var/www/html/mage1944/app/code/core/Mage/Catalog/Model/Url.php(254): Mage_Catalog_Model_Url->refreshCategoryRewrite('2', '1', false)
#7 /var/www/html/mage1944/app/code/core/Mage/Catalog/Model/Url.php(248): Mage_Catalog_Model_Url->refreshRewrites('1')
#8 /var/www/html/mage1944/app/code/core/Mage/Catalog/Model/Indexer/Url.php(257): Mage_Catalog_Model_Url->refreshRewrites()
#9 /var/www/html/mage1944/app/code/core/Mage/Index/Model/Process.php(212): Mage_Catalog_Model_Indexer_Url->reindexAll()
#10 /var/www/html/mage1944/app/code/core/Mage/Index/Model/Process.php(260): Mage_Index_Model_Process->reindexAll()
#11 /var/www/html/mage1944/app/code/core/Mage/Index/controllers/Adminhtml/ProcessController.php(182): Mage_Index_Model_Process->reindexEverything()
#12 /var/www/html/mage1944/app/code/core/Mage/Core/Controller/Varien/Action.php(418): Mage_Index_Adminhtml_ProcessController->massReindexAction()
#13 /var/www/html/mage1944/app/code/core/Mage/Core/Controller/Varien/Router/Standard.php(254): Mage_Core_Controller_Varien_Action->dispatch('massReindex')
#14 /var/www/html/mage1944/app/code/core/Mage/Core/Controller/Varien/Front.php(172): Mage_Core_Controller_Varien_Router_Standard->match(Object(Mage_Core_Controller_Request_Http))
#15 /var/www/html/mage1944/app/code/core/Mage/Core/Model/App.php(381): Mage_Core_Controller_Varien_Front->dispatch()
#16 /var/www/html/mage1944/app/Mage.php(686): Mage_Core_Model_App->run(Array)
#17 /var/www/html/mage1944/index.php(83): Mage::run('', 'store')
#18 {main}
2021-01-08T19:40:38+00:00 DEBUG (7): Exception message: Warning: A non-numeric value encountered  in /var/www/html/mage1944/app/code/core/Mage/Catalog/Model/Url.php on line 679
Trace: #0 /var/www/html/mage1944/app/code/core/Mage/Catalog/Model/Url.php(679): mageCoreErrorHandler(2, 'A non-numeric v...', '/var/www/html/m...', 679, Array)
#1 /var/www/html/mage1944/app/code/core/Mage/Catalog/Model/Url.php(753): Mage_Catalog_Model_Url->getUnusedPathByUrlKey('1', 'baby-girl/short...', 'category/14', 'shorts')
#2 /var/www/html/mage1944/app/code/core/Mage/Catalog/Model/Url.php(281): Mage_Catalog_Model_Url->getCategoryRequestPath(Object(Varien_Object), 'baby-girl/')
#3 /var/www/html/mage1944/app/code/core/Mage/Catalog/Model/Url.php(320): Mage_Catalog_Model_Url->_refreshCategoryRewrites(Object(Varien_Object), 'baby-girl.html/', false)
#4 /var/www/html/mage1944/app/code/core/Mage/Catalog/Model/Url.php(320): Mage_Catalog_Model_Url->_refreshCategoryRewrites(Object(Varien_Object), '/', false)
#5 /var/www/html/mage1944/app/code/core/Mage/Catalog/Model/Url.php(461): Mage_Catalog_Model_Url->_refreshCategoryRewrites(Object(Varien_Object), NULL, false)
#6 /var/www/html/mage1944/app/code/core/Mage/Catalog/Model/Url.php(254): Mage_Catalog_Model_Url->refreshCategoryRewrite('2', '1', false)
#7 /var/www/html/mage1944/app/code/core/Mage/Catalog/Model/Url.php(248): Mage_Catalog_Model_Url->refreshRewrites('1')
#8 /var/www/html/mage1944/app/code/core/Mage/Catalog/Model/Indexer/Url.php(257): Mage_Catalog_Model_Url->refreshRewrites()
#9 /var/www/html/mage1944/app/code/core/Mage/Index/Model/Process.php(212): Mage_Catalog_Model_Indexer_Url->reindexAll()
#10 /var/www/html/mage1944/app/code/core/Mage/Index/Model/Process.php(260): Mage_Index_Model_Process->reindexAll()
#11 /var/www/html/mage1944/app/code/core/Mage/Index/controllers/Adminhtml/ProcessController.php(182): Mage_Index_Model_Process->reindexEverything()
#12 /var/www/html/mage1944/app/code/core/Mage/Core/Controller/Varien/Action.php(418): Mage_Index_Adminhtml_ProcessController->massReindexAction()
#13 /var/www/html/mage1944/app/code/core/Mage/Core/Controller/Varien/Router/Standard.php(254): Mage_Core_Controller_Varien_Action->dispatch('massReindex')
#14 /var/www/html/mage1944/app/code/core/Mage/Core/Controller/Varien/Front.php(172): Mage_Core_Controller_Varien_Router_Standard->match(Object(Mage_Core_Controller_Request_Http))
#15 /var/www/html/mage1944/app/code/core/Mage/Core/Model/App.php(381): Mage_Core_Controller_Varien_Front->dispatch()
#16 /var/www/html/mage1944/app/Mage.php(686): Mage_Core_Model_App->run(Array)
#17 /var/www/html/mage1944/index.php(83): Mage::run('', 'store')
#18 {main}
2021-01-08T19:41:11+00:00 DEBUG (7): Exception message: Warning: A non-numeric value encountered  in /var/www/html/mage1944/app/code/core/Mage/Catalog/Model/Url.php on line 679
Trace: #0 /var/www/html/mage1944/app/code/core/Mage/Catalog/Model/Url.php(679): mageCoreErrorHandler(2, 'A non-numeric v...', '/var/www/html/m...', 679, Array)
#1 /var/www/html/mage1944/app/code/core/Mage/Catalog/Model/Url.php(753): Mage_Catalog_Model_Url->getUnusedPathByUrlKey('1', 'baby-girl/short...', 'category/14', 'shorts')
#2 /var/www/html/mage1944/app/code/core/Mage/Catalog/Model/Url.php(281): Mage_Catalog_Model_Url->getCategoryRequestPath(Object(Varien_Object), 'baby-girl/')
#3 /var/www/html/mage1944/app/code/core/Mage/Catalog/Model/Url.php(320): Mage_Catalog_Model_Url->_refreshCategoryRewrites(Object(Varien_Object), 'baby-girl.html/', false)
#4 /var/www/html/mage1944/app/code/core/Mage/Catalog/Model/Url.php(320): Mage_Catalog_Model_Url->_refreshCategoryRewrites(Object(Varien_Object), '/', false)
#5 /var/www/html/mage1944/app/code/core/Mage/Catalog/Model/Url.php(461): Mage_Catalog_Model_Url->_refreshCategoryRewrites(Object(Varien_Object), NULL, false)
#6 /var/www/html/mage1944/app/code/core/Mage/Catalog/Model/Url.php(254): Mage_Catalog_Model_Url->refreshCategoryRewrite('2', '1', false)
#7 /var/www/html/mage1944/app/code/core/Mage/Catalog/Model/Url.php(248): Mage_Catalog_Model_Url->refreshRewrites('1')
#8 /var/www/html/mage1944/app/code/core/Mage/Catalog/Model/Indexer/Url.php(257): Mage_Catalog_Model_Url->refreshRewrites()
#9 /var/www/html/mage1944/app/code/core/Mage/Index/Model/Process.php(212): Mage_Catalog_Model_Indexer_Url->reindexAll()
#10 /var/www/html/mage1944/app/code/core/Mage/Index/Model/Process.php(260): Mage_Index_Model_Process->reindexAll()
#11 /var/www/html/mage1944/app/code/core/Mage/Index/controllers/Adminhtml/ProcessController.php(182): Mage_Index_Model_Process->reindexEverything()
#12 /var/www/html/mage1944/app/code/core/Mage/Core/Controller/Varien/Action.php(418): Mage_Index_Adminhtml_ProcessController->massReindexAction()
#13 /var/www/html/mage1944/app/code/core/Mage/Core/Controller/Varien/Router/Standard.php(254): Mage_Core_Controller_Varien_Action->dispatch('massReindex')
#14 /var/www/html/mage1944/app/code/core/Mage/Core/Controller/Varien/Front.php(172): Mage_Core_Controller_Varien_Router_Standard->match(Object(Mage_Core_Controller_Request_Http))
#15 /var/www/html/mage1944/app/code/core/Mage/Core/Model/App.php(381): Mage_Core_Controller_Varien_Front->dispatch()
#16 /var/www/html/mage1944/app/Mage.php(686): Mage_Core_Model_App->run(Array)
#17 /var/www/html/mage1944/index.php(83): Mage::run('', 'store')
#18 {main}
2021-01-08T19:46:38+00:00 DEBUG (7): Exception message: Warning: A non-numeric value encountered  in /var/www/html/mage1944/app/code/core/Mage/Catalog/Model/Url.php on line 679
Trace: #0 /var/www/html/mage1944/app/code/core/Mage/Catalog/Model/Url.php(679): mageCoreErrorHandler(2, 'A non-numeric v...', '/var/www/html/m...', 679, Array)
#1 /var/www/html/mage1944/app/code/core/Mage/Catalog/Model/Url.php(753): Mage_Catalog_Model_Url->getUnusedPathByUrlKey('1', 'baby-girl/short...', 'category/14', 'shorts')
#2 /var/www/html/mage1944/app/code/core/Mage/Catalog/Model/Url.php(281): Mage_Catalog_Model_Url->getCategoryRequestPath(Object(Varien_Object), 'baby-girl/')
#3 /var/www/html/mage1944/app/code/core/Mage/Catalog/Model/Url.php(320): Mage_Catalog_Model_Url->_refreshCategoryRewrites(Object(Varien_Object), 'baby-girl.html/', false)
#4 /var/www/html/mage1944/app/code/core/Mage/Catalog/Model/Url.php(320): Mage_Catalog_Model_Url->_refreshCategoryRewrites(Object(Varien_Object), '/', false)
#5 /var/www/html/mage1944/app/code/core/Mage/Catalog/Model/Url.php(461): Mage_Catalog_Model_Url->_refreshCategoryRewrites(Object(Varien_Object), NULL, false)
#6 /var/www/html/mage1944/app/code/core/Mage/Catalog/Model/Url.php(254): Mage_Catalog_Model_Url->refreshCategoryRewrite('2', '1', false)
#7 /var/www/html/mage1944/app/code/core/Mage/Catalog/Model/Url.php(248): Mage_Catalog_Model_Url->refreshRewrites('1')
#8 /var/www/html/mage1944/app/code/core/Mage/Catalog/Model/Indexer/Url.php(257): Mage_Catalog_Model_Url->refreshRewrites()
#9 /var/www/html/mage1944/app/code/core/Mage/Index/Model/Process.php(212): Mage_Catalog_Model_Indexer_Url->reindexAll()
#10 /var/www/html/mage1944/app/code/core/Mage/Index/Model/Process.php(260): Mage_Index_Model_Process->reindexAll()
#11 /var/www/html/mage1944/app/code/core/Mage/Index/controllers/Adminhtml/ProcessController.php(182): Mage_Index_Model_Process->reindexEverything()
#12 /var/www/html/mage1944/app/code/core/Mage/Core/Controller/Varien/Action.php(418): Mage_Index_Adminhtml_ProcessController->massReindexAction()
#13 /var/www/html/mage1944/app/code/core/Mage/Core/Controller/Varien/Router/Standard.php(254): Mage_Core_Controller_Varien_Action->dispatch('massReindex')
#14 /var/www/html/mage1944/app/code/core/Mage/Core/Controller/Varien/Front.php(172): Mage_Core_Controller_Varien_Router_Standard->match(Object(Mage_Core_Controller_Request_Http))
#15 /var/www/html/mage1944/app/code/core/Mage/Core/Model/App.php(381): Mage_Core_Controller_Varien_Front->dispatch()
#16 /var/www/html/mage1944/app/Mage.php(686): Mage_Core_Model_App->run(Array)
#17 /var/www/html/mage1944/index.php(83): Mage::run('', 'store')
#18 {main}
2021-01-08T19:46:50+00:00 DEBUG (7): Exception message: Warning: A non-numeric value encountered  in /var/www/html/mage1944/app/code/core/Mage/Catalog/Model/Url.php on line 679
Trace: #0 /var/www/html/mage1944/app/code/core/Mage/Catalog/Model/Url.php(679): mageCoreErrorHandler(2, 'A non-numeric v...', '/var/www/html/m...', 679, Array)
#1 /var/www/html/mage1944/app/code/core/Mage/Catalog/Model/Url.php(753): Mage_Catalog_Model_Url->getUnusedPathByUrlKey('1', 'baby-girl/short...', 'category/14', 'shorts')
#2 /var/www/html/mage1944/app/code/core/Mage/Catalog/Model/Url.php(281): Mage_Catalog_Model_Url->getCategoryRequestPath(Object(Varien_Object), 'baby-girl/')
#3 /var/www/html/mage1944/app/code/core/Mage/Catalog/Model/Url.php(320): Mage_Catalog_Model_Url->_refreshCategoryRewrites(Object(Varien_Object), 'baby-girl.html/', false)
#4 /var/www/html/mage1944/app/code/core/Mage/Catalog/Model/Url.php(320): Mage_Catalog_Model_Url->_refreshCategoryRewrites(Object(Varien_Object), '/', false)
#5 /var/www/html/mage1944/app/code/core/Mage/Catalog/Model/Url.php(461): Mage_Catalog_Model_Url->_refreshCategoryRewrites(Object(Varien_Object), NULL, false)
#6 /var/www/html/mage1944/app/code/core/Mage/Catalog/Model/Url.php(254): Mage_Catalog_Model_Url->refreshCategoryRewrite('2', '1', false)
#7 /var/www/html/mage1944/app/code/core/Mage/Catalog/Model/Url.php(248): Mage_Catalog_Model_Url->refreshRewrites('1')
#8 /var/www/html/mage1944/app/code/core/Mage/Catalog/Model/Indexer/Url.php(257): Mage_Catalog_Model_Url->refreshRewrites()
#9 /var/www/html/mage1944/app/code/core/Mage/Index/Model/Process.php(212): Mage_Catalog_Model_Indexer_Url->reindexAll()
#10 /var/www/html/mage1944/app/code/core/Mage/Index/Model/Process.php(260): Mage_Index_Model_Process->reindexAll()
#11 /var/www/html/mage1944/app/code/core/Mage/Index/controllers/Adminhtml/ProcessController.php(182): Mage_Index_Model_Process->reindexEverything()
#12 /var/www/html/mage1944/app/code/core/Mage/Core/Controller/Varien/Action.php(418): Mage_Index_Adminhtml_ProcessController->massReindexAction()
#13 /var/www/html/mage1944/app/code/core/Mage/Core/Controller/Varien/Router/Standard.php(254): Mage_Core_Controller_Varien_Action->dispatch('massReindex')
#14 /var/www/html/mage1944/app/code/core/Mage/Core/Controller/Varien/Front.php(172): Mage_Core_Controller_Varien_Router_Standard->match(Object(Mage_Core_Controller_Request_Http))
#15 /var/www/html/mage1944/app/code/core/Mage/Core/Model/App.php(381): Mage_Core_Controller_Varien_Front->dispatch()
#16 /var/www/html/mage1944/app/Mage.php(686): Mage_Core_Model_App->run(Array)
#17 /var/www/html/mage1944/index.php(83): Mage::run('', 'store')
#18 {main}
2021-01-08T19:47:27+00:00 DEBUG (7): Exception message: Warning: A non-numeric value encountered  in /var/www/html/mage1944/app/code/core/Mage/Catalog/Model/Url.php on line 679
Trace: #0 /var/www/html/mage1944/app/code/core/Mage/Catalog/Model/Url.php(679): mageCoreErrorHandler(2, 'A non-numeric v...', '/var/www/html/m...', 679, Array)
#1 /var/www/html/mage1944/app/code/core/Mage/Catalog/Model/Url.php(753): Mage_Catalog_Model_Url->getUnusedPathByUrlKey('1', 'baby-girl/short...', 'category/14', 'shorts')
#2 /var/www/html/mage1944/app/code/core/Mage/Catalog/Model/Url.php(281): Mage_Catalog_Model_Url->getCategoryRequestPath(Object(Varien_Object), 'baby-girl/')
#3 /var/www/html/mage1944/app/code/core/Mage/Catalog/Model/Url.php(320): Mage_Catalog_Model_Url->_refreshCategoryRewrites(Object(Varien_Object), 'baby-girl.html/', false)
#4 /var/www/html/mage1944/app/code/core/Mage/Catalog/Model/Url.php(320): Mage_Catalog_Model_Url->_refreshCategoryRewrites(Object(Varien_Object), '/', false)
#5 /var/www/html/mage1944/app/code/core/Mage/Catalog/Model/Url.php(461): Mage_Catalog_Model_Url->_refreshCategoryRewrites(Object(Varien_Object), NULL, false)
#6 /var/www/html/mage1944/app/code/core/Mage/Catalog/Model/Url.php(254): Mage_Catalog_Model_Url->refreshCategoryRewrite('2', '1', false)
#7 /var/www/html/mage1944/app/code/core/Mage/Catalog/Model/Url.php(248): Mage_Catalog_Model_Url->refreshRewrites('1')
#8 /var/www/html/mage1944/app/code/core/Mage/Catalog/Model/Indexer/Url.php(257): Mage_Catalog_Model_Url->refreshRewrites()
#9 /var/www/html/mage1944/app/code/core/Mage/Index/Model/Process.php(212): Mage_Catalog_Model_Indexer_Url->reindexAll()
#10 /var/www/html/mage1944/app/code/core/Mage/Index/Model/Process.php(260): Mage_Index_Model_Process->reindexAll()
#11 /var/www/html/mage1944/app/code/core/Mage/Index/controllers/Adminhtml/ProcessController.php(182): Mage_Index_Model_Process->reindexEverything()
#12 /var/www/html/mage1944/app/code/core/Mage/Core/Controller/Varien/Action.php(418): Mage_Index_Adminhtml_ProcessController->massReindexAction()
#13 /var/www/html/mage1944/app/code/core/Mage/Core/Controller/Varien/Router/Standard.php(254): Mage_Core_Controller_Varien_Action->dispatch('massReindex')
#14 /var/www/html/mage1944/app/code/core/Mage/Core/Controller/Varien/Front.php(172): Mage_Core_Controller_Varien_Router_Standard->match(Object(Mage_Core_Controller_Request_Http))
#15 /var/www/html/mage1944/app/code/core/Mage/Core/Model/App.php(381): Mage_Core_Controller_Varien_Front->dispatch()
#16 /var/www/html/mage1944/app/Mage.php(686): Mage_Core_Model_App->run(Array)
#17 /var/www/html/mage1944/index.php(83): Mage::run('', 'store')
#18 {main}
2021-01-08T19:48:14+00:00 DEBUG (7): Exception message: Warning: A non-numeric value encountered  in /var/www/html/mage1944/app/code/core/Mage/Catalog/Model/Url.php on line 679
Trace: #0 /var/www/html/mage1944/app/code/core/Mage/Catalog/Model/Url.php(679): mageCoreErrorHandler(2, 'A non-numeric v...', '/var/www/html/m...', 679, Array)
#1 /var/www/html/mage1944/app/code/core/Mage/Catalog/Model/Url.php(753): Mage_Catalog_Model_Url->getUnusedPathByUrlKey('1', 'baby-girl/short...', 'category/14', 'shorts')
#2 /var/www/html/mage1944/app/code/core/Mage/Catalog/Model/Url.php(281): Mage_Catalog_Model_Url->getCategoryRequestPath(Object(Varien_Object), 'baby-girl/')
#3 /var/www/html/mage1944/app/code/core/Mage/Catalog/Model/Url.php(320): Mage_Catalog_Model_Url->_refreshCategoryRewrites(Object(Varien_Object), 'baby-girl.html/', false)
#4 /var/www/html/mage1944/app/code/core/Mage/Catalog/Model/Url.php(320): Mage_Catalog_Model_Url->_refreshCategoryRewrites(Object(Varien_Object), '/', false)
#5 /var/www/html/mage1944/app/code/core/Mage/Catalog/Model/Url.php(461): Mage_Catalog_Model_Url->_refreshCategoryRewrites(Object(Varien_Object), NULL, false)
#6 /var/www/html/mage1944/app/code/core/Mage/Catalog/Model/Url.php(254): Mage_Catalog_Model_Url->refreshCategoryRewrite('2', '1', false)
#7 /var/www/html/mage1944/app/code/core/Mage/Catalog/Model/Url.php(248): Mage_Catalog_Model_Url->refreshRewrites('1')
#8 /var/www/html/mage1944/app/code/core/Mage/Catalog/Model/Indexer/Url.php(257): Mage_Catalog_Model_Url->refreshRewrites()
#9 /var/www/html/mage1944/app/code/core/Mage/Index/Model/Process.php(212): Mage_Catalog_Model_Indexer_Url->reindexAll()
#10 /var/www/html/mage1944/app/code/core/Mage/Index/Model/Process.php(260): Mage_Index_Model_Process->reindexAll()
#11 /var/www/html/mage1944/app/code/core/Mage/Index/controllers/Adminhtml/ProcessController.php(182): Mage_Index_Model_Process->reindexEverything()
#12 /var/www/html/mage1944/app/code/core/Mage/Core/Controller/Varien/Action.php(418): Mage_Index_Adminhtml_ProcessController->massReindexAction()
#13 /var/www/html/mage1944/app/code/core/Mage/Core/Controller/Varien/Router/Standard.php(254): Mage_Core_Controller_Varien_Action->dispatch('massReindex')
#14 /var/www/html/mage1944/app/code/core/Mage/Core/Controller/Varien/Front.php(172): Mage_Core_Controller_Varien_Router_Standard->match(Object(Mage_Core_Controller_Request_Http))
#15 /var/www/html/mage1944/app/code/core/Mage/Core/Model/App.php(381): Mage_Core_Controller_Varien_Front->dispatch()
#16 /var/www/html/mage1944/app/Mage.php(686): Mage_Core_Model_App->run(Array)
#17 /var/www/html/mage1944/index.php(83): Mage::run('', 'store')
#18 {main}
2021-01-08T19:48:28+00:00 DEBUG (7): Exception message: Warning: A non-numeric value encountered  in /var/www/html/mage1944/app/code/core/Mage/Catalog/Model/Url.php on line 679
Trace: #0 /var/www/html/mage1944/app/code/core/Mage/Catalog/Model/Url.php(679): mageCoreErrorHandler(2, 'A non-numeric v...', '/var/www/html/m...', 679, Array)
#1 /var/www/html/mage1944/app/code/core/Mage/Catalog/Model/Url.php(753): Mage_Catalog_Model_Url->getUnusedPathByUrlKey('1', 'baby-girl/short...', 'category/14', 'shorts')
#2 /var/www/html/mage1944/app/code/core/Mage/Catalog/Model/Url.php(281): Mage_Catalog_Model_Url->getCategoryRequestPath(Object(Varien_Object), 'baby-girl/')
#3 /var/www/html/mage1944/app/code/core/Mage/Catalog/Model/Url.php(320): Mage_Catalog_Model_Url->_refreshCategoryRewrites(Object(Varien_Object), 'baby-girl.html/', false)
#4 /var/www/html/mage1944/app/code/core/Mage/Catalog/Model/Url.php(320): Mage_Catalog_Model_Url->_refreshCategoryRewrites(Object(Varien_Object), '/', false)
#5 /var/www/html/mage1944/app/code/core/Mage/Catalog/Model/Url.php(461): Mage_Catalog_Model_Url->_refreshCategoryRewrites(Object(Varien_Object), NULL, false)
#6 /var/www/html/mage1944/app/code/core/Mage/Catalog/Model/Url.php(254): Mage_Catalog_Model_Url->refreshCategoryRewrite('2', '1', false)
#7 /var/www/html/mage1944/app/code/core/Mage/Catalog/Model/Url.php(248): Mage_Catalog_Model_Url->refreshRewrites('1')
#8 /var/www/html/mage1944/app/code/core/Mage/Catalog/Model/Indexer/Url.php(257): Mage_Catalog_Model_Url->refreshRewrites()
#9 /var/www/html/mage1944/app/code/core/Mage/Index/Model/Process.php(212): Mage_Catalog_Model_Indexer_Url->reindexAll()
#10 /var/www/html/mage1944/app/code/core/Mage/Index/Model/Process.php(260): Mage_Index_Model_Process->reindexAll()
#11 /var/www/html/mage1944/app/code/core/Mage/Index/controllers/Adminhtml/ProcessController.php(182): Mage_Index_Model_Process->reindexEverything()
#12 /var/www/html/mage1944/app/code/core/Mage/Core/Controller/Varien/Action.php(418): Mage_Index_Adminhtml_ProcessController->massReindexAction()
#13 /var/www/html/mage1944/app/code/core/Mage/Core/Controller/Varien/Router/Standard.php(254): Mage_Core_Controller_Varien_Action->dispatch('massReindex')
#14 /var/www/html/mage1944/app/code/core/Mage/Core/Controller/Varien/Front.php(172): Mage_Core_Controller_Varien_Router_Standard->match(Object(Mage_Core_Controller_Request_Http))
#15 /var/www/html/mage1944/app/code/core/Mage/Core/Model/App.php(381): Mage_Core_Controller_Varien_Front->dispatch()
#16 /var/www/html/mage1944/app/Mage.php(686): Mage_Core_Model_App->run(Array)
#17 /var/www/html/mage1944/index.php(83): Mage::run('', 'store')
#18 {main}
